# JRE version: OpenJDK Runtime Environment (8.0_191-b12) (build 1.8.0_191-b12)
# Java VM: OpenJDK 64-Bit Server VM (25.191-b12 mixed mode linux-amd64 compressed oops)
Heap:
 PSYoungGen      total 225792K, used 14314K [0x00000000d7200000, 0x00000000e5c80000, 0x0000000100000000)
  eden space 211456K, 0% used [0x00000000d7200000,0x00000000d7200000,0x00000000e4080000)
  from space 14336K, 99% used [0x00000000e4080000,0x00000000e4e7ab28,0x00000000e4e80000)
  to   space 10752K, 0% used [0x00000000e4f00000,0x00000000e4f00000,0x00000000e5980000)
 ParOldGen       total 83456K, used 26325K [0x0000000085600000, 0x000000008a780000, 0x00000000d7200000)
  object space 83456K, 31% used [0x0000000085600000,0x0000000086fb56b8,0x000000008a780000)
 Metaspace       used 53588K, capacity 55546K, committed 55680K, reserved 1097728K
  class space    used 7072K, capacity 7453K, committed 7552K, reserved 1048576K
GC Heap History (17 events):
Event: 0.978 GC heap before
{Heap before GC invocations=1 (full 0):
 PSYoungGen      total 36864K, used 31744K [0x00000000d7200000, 0x00000000d9b00000, 0x0000000100000000)
  eden space 31744K, 100% used [0x00000000d7200000,0x00000000d9100000,0x00000000d9100000)
  from space 5120K, 0% used [0x00000000d9600000,0x00000000d9600000,0x00000000d9b00000)
  to   space 5120K, 0% used [0x00000000d9100000,0x00000000d9100000,0x00000000d9600000)
 ParOldGen       total 84992K, used 0K [0x0000000085600000, 0x000000008a900000, 0x00000000d7200000)
  object space 84992K, 0% used [0x0000000085600000,0x0000000085600000,0x000000008a900000)
 Metaspace       used 9752K, capacity 9928K, committed 10112K, reserved 1058816K
  class space    used 1063K, capacity 1138K, committed 1152K, reserved 1048576K
Event: 0.999 GC heap after
Heap after GC invocations=1 (full 0):
 PSYoungGen      total 36864K, used 4542K [0x00000000d7200000, 0x00000000dba00000, 0x0000000100000000)
  eden space 31744K, 0% used [0x00000000d7200000,0x00000000d7200000,0x00000000d9100000)
  from space 5120K, 88% used [0x00000000d9100000,0x00000000d956f878,0x00000000d9600000)
  to   space 5120K, 0% used [0x00000000db500000,0x00000000db500000,0x00000000dba00000)
 ParOldGen       total 84992K, used 16K [0x0000000085600000, 0x000000008a900000, 0x00000000d7200000)
  object space 84992K, 0% used [0x0000000085600000,0x0000000085604000,0x000000008a900000)
 Metaspace       used 9752K, capacity 9928K, committed 10112K, reserved 1058816K
  class space    used 1063K, capacity 1138K, committed 1152K, reserved 1048576K
}
Event: 1.573 GC heap before
{Heap before GC invocations=2 (full 0):
 PSYoungGen      total 36864K, used 36286K [0x00000000d7200000, 0x00000000dba00000, 0x0000000100000000)
  eden space 31744K, 100% used [0x00000000d7200000,0x00000000d9100000,0x00000000d9100000)
  from space 5120K, 88% used [0x00000000d9100000,0x00000000d956f878,0x00000000d9600000)
  to   space 5120K, 0% used [0x00000000db500000,0x00000000db500000,0x00000000dba00000)
 ParOldGen       total 84992K, used 16K [0x0000000085600000, 0x000000008a900000, 0x00000000d7200000)
  object space 84992K, 0% used [0x0000000085600000,0x0000000085604000,0x000000008a900000)
 Metaspace       used 13083K, capacity 13332K, committed 13696K, reserved 1060864K
  class space    used 1471K, capacity 1558K, committed 1664K, reserved 1048576K
Event: 1.586 GC heap after
Heap after GC invocations=2 (full 0):
 PSYoungGen      total 68608K, used 4865K [0x00000000d7200000, 0x00000000dba00000, 0x0000000100000000)
  eden space 63488K, 0% used [0x00000000d7200000,0x00000000d7200000,0x00000000db000000)
  from space 5120K, 95% used [0x00000000db500000,0x00000000db9c04a0,0x00000000dba00000)
  to   space 5120K, 0% used [0x00000000db000000,0x00000000db000000,0x00000000db500000)
 ParOldGen       total 84992K, used 24K [0x0000000085600000, 0x000000008a900000, 0x00000000d7200000)
  object space 84992K, 0% used [0x0000000085600000,0x0000000085606000,0x000000008a900000)
 Metaspace       used 13083K, capacity 13332K, committed 13696K, reserved 1060864K
  class space    used 1471K, capacity 1558K, committed 1664K, reserved 1048576K
}
Event: 2.177 GC heap before
{Heap before GC invocations=3 (full 0):
 PSYoungGen      total 68608K, used 68353K [0x00000000d7200000, 0x00000000dba00000, 0x0000000100000000)
  eden space 63488K, 100% used [0x00000000d7200000,0x00000000db000000,0x00000000db000000)
  from space 5120K, 95% used [0x00000000db500000,0x00000000db9c04a0,0x00000000dba00000)
  to   space 5120K, 0% used [0x00000000db000000,0x00000000db000000,0x00000000db500000)
 ParOldGen       total 84992K, used 24K [0x0000000085600000, 0x000000008a900000, 0x00000000d7200000)
  object space 84992K, 0% used [0x0000000085600000,0x0000000085606000,0x000000008a900000)
 Metaspace       used 18005K, capacity 18488K, committed 18560K, reserved 1064960K
  class space    used 2221K, capacity 2378K, committed 2432K, reserved 1048576K
Event: 2.185 GC heap after
Heap after GC invocations=3 (full 0):
 PSYoungGen      total 68608K, used 5106K [0x00000000d7200000, 0x00000000df800000, 0x0000000100000000)
  eden space 63488K, 0% used [0x00000000d7200000,0x00000000d7200000,0x00000000db000000)
  from space 5120K, 99% used [0x00000000db000000,0x00000000db4fcad0,0x00000000db500000)
  to   space 5120K, 0% used [0x00000000df300000,0x00000000df300000,0x00000000df800000)
 ParOldGen       total 84992K, used 2746K [0x0000000085600000, 0x000000008a900000, 0x00000000d7200000)
  object space 84992K, 3% used [0x0000000085600000,0x00000000858aea38,0x000000008a900000)
 Metaspace       used 18005K, capacity 18488K, committed 18560K, reserved 1064960K
  class space    used 2221K, capacity 2378K, committed 2432K, reserved 1048576K
}
Event: 2.325 GC heap before
{Heap before GC invocations=4 (full 0):
 PSYoungGen      total 68608K, used 26533K [0x00000000d7200000, 0x00000000df800000, 0x0000000100000000)
  eden space 63488K, 33% used [0x00000000d7200000,0x00000000d86ecc38,0x00000000db000000)
  from space 5120K, 99% used [0x00000000db000000,0x00000000db4fcad0,0x00000000db500000)
  to   space 5120K, 0% used [0x00000000df300000,0x00000000df300000,0x00000000df800000)
 ParOldGen       total 84992K, used 2746K [0x0000000085600000, 0x000000008a900000, 0x00000000d7200000)
  object space 84992K, 3% used [0x0000000085600000,0x00000000858aea38,0x000000008a900000)
 Metaspace       used 20763K, capacity 21208K, committed 21296K, reserved 1069056K
  class space    used 2523K, capacity 2664K, committed 2688K, reserved 1048576K
Event: 2.331 GC heap after
Heap after GC invocations=4 (full 0):
 PSYoungGen      total 132096K, used 5107K [0x00000000d7200000, 0x00000000df800000, 0x0000000100000000)
  eden space 126976K, 0% used [0x00000000d7200000,0x00000000d7200000,0x00000000dee00000)
  from space 5120K, 99% used [0x00000000df300000,0x00000000df7fcf38,0x00000000df800000)
  to   space 5120K, 0% used [0x00000000dee00000,0x00000000dee00000,0x00000000df300000)
 ParOldGen       total 84992K, used 4488K [0x0000000085600000, 0x000000008a900000, 0x00000000d7200000)
  object space 84992K, 5% used [0x0000000085600000,0x0000000085a622c0,0x000000008a900000)
 Metaspace       used 20763K, capacity 21208K, committed 21296K, reserved 1069056K
  class space    used 2523K, capacity 2664K, committed 2688K, reserved 1048576K
}
Event: 2.331 GC heap before
{Heap before GC invocations=5 (full 1):
 PSYoungGen      total 132096K, used 5107K [0x00000000d7200000, 0x00000000df800000, 0x0000000100000000)
  eden space 126976K, 0% used [0x00000000d7200000,0x00000000d7200000,0x00000000dee00000)
  from space 5120K, 99% used [0x00000000df300000,0x00000000df7fcf38,0x00000000df800000)
  to   space 5120K, 0% used [0x00000000dee00000,0x00000000dee00000,0x00000000df300000)
 ParOldGen       total 84992K, used 4488K [0x0000000085600000, 0x000000008a900000, 0x00000000d7200000)
  object space 84992K, 5% used [0x0000000085600000,0x0000000085a622c0,0x000000008a900000)
 Metaspace       used 20763K, capacity 21208K, committed 21296K, reserved 1069056K
  class space    used 2523K, capacity 2664K, committed 2688K, reserved 1048576K
Event: 2.351 GC heap after
Heap after GC invocations=5 (full 1):
 PSYoungGen      total 132096K, used 0K [0x00000000d7200000, 0x00000000df800000, 0x0000000100000000)
  eden space 126976K, 0% used [0x00000000d7200000,0x00000000d7200000,0x00000000dee00000)
  from space 5120K, 0% used [0x00000000df300000,0x00000000df300000,0x00000000df800000)
  to   space 5120K, 0% used [0x00000000dee00000,0x00000000dee00000,0x00000000df300000)
 ParOldGen       total 50688K, used 6625K [0x0000000085600000, 0x0000000088780000, 0x00000000d7200000)
  object space 50688K, 13% used [0x0000000085600000,0x0000000085c78490,0x0000000088780000)
 Metaspace       used 20763K, capacity 21208K, committed 21296K, reserved 1069056K
  class space    used 2523K, capacity 2664K, committed 2688K, reserved 1048576K
}
Event: 3.797 GC heap before
{Heap before GC invocations=6 (full 1):
 PSYoungGen      total 132096K, used 126976K [0x00000000d7200000, 0x00000000df800000, 0x0000000100000000)
  eden space 126976K, 100% used [0x00000000d7200000,0x00000000dee00000,0x00000000dee00000)
  from space 5120K, 0% used [0x00000000df300000,0x00000000df300000,0x00000000df800000)
  to   space 5120K, 0% used [0x00000000dee00000,0x00000000dee00000,0x00000000df300000)
 ParOldGen       total 50688K, used 6625K [0x0000000085600000, 0x0000000088780000, 0x00000000d7200000)
  object space 50688K, 13% used [0x0000000085600000,0x0000000085c78490,0x0000000088780000)
 Metaspace       used 28513K, capacity 29368K, committed 29568K, reserved 1075200K
  class space    used 3451K, capacity 3668K, committed 3712K, reserved 1048576K
Event: 3.814 GC heap after
Heap after GC invocations=6 (full 1):
 PSYoungGen      total 132096K, used 5092K [0x00000000d7200000, 0x00000000e5980000, 0x0000000100000000)
  eden space 126976K, 0% used [0x00000000d7200000,0x00000000d7200000,0x00000000dee00000)
  from space 5120K, 99% used [0x00000000dee00000,0x00000000df2f9358,0x00000000df300000)
  to   space 10752K, 0% used [0x00000000e4f00000,0x00000000e4f00000,0x00000000e5980000)
 ParOldGen       total 50688K, used 11800K [0x0000000085600000, 0x0000000088780000, 0x00000000d7200000)
  object space 50688K, 23% used [0x0000000085600000,0x0000000086186300,0x0000000088780000)
 Metaspace       used 28513K, capacity 29368K, committed 29568K, reserved 1075200K
  class space    used 3451K, capacity 3668K, committed 3712K, reserved 1048576K
}
Event: 4.871 GC heap before
{Heap before GC invocations=7 (full 1):
 PSYoungGen      total 132096K, used 121333K [0x00000000d7200000, 0x00000000e5980000, 0x0000000100000000)
  eden space 126976K, 91% used [0x00000000d7200000,0x00000000de3841c0,0x00000000dee00000)
  from space 5120K, 99% used [0x00000000dee00000,0x00000000df2f9358,0x00000000df300000)
  to   space 10752K, 0% used [0x00000000e4f00000,0x00000000e4f00000,0x00000000e5980000)
 ParOldGen       total 50688K, used 11800K [0x0000000085600000, 0x0000000088780000, 0x00000000d7200000)
  object space 50688K, 23% used [0x0000000085600000,0x0000000086186300,0x0000000088780000)
 Metaspace       used 34175K, capacity 35362K, committed 35456K, reserved 1081344K
  class space    used 4214K, capacity 4475K, committed 4480K, reserved 1048576K
Event: 4.881 GC heap after
Heap after GC invocations=7 (full 1):
 PSYoungGen      total 222208K, used 10740K [0x00000000d7200000, 0x00000000e5c80000, 0x0000000100000000)
  eden space 211456K, 0% used [0x00000000d7200000,0x00000000d7200000,0x00000000e4080000)
  from space 10752K, 99% used [0x00000000e4f00000,0x00000000e597d088,0x00000000e5980000)
  to   space 14336K, 0% used [0x00000000e4080000,0x00000000e4080000,0x00000000e4e80000)
 ParOldGen       total 50688K, used 14778K [0x0000000085600000, 0x0000000088780000, 0x00000000d7200000)
  object space 50688K, 29% used [0x0000000085600000,0x000000008646eb30,0x0000000088780000)
 Metaspace       used 34175K, capacity 35362K, committed 35456K, reserved 1081344K
  class space    used 4214K, capacity 4475K, committed 4480K, reserved 1048576K
}
Event: 4.881 GC heap before
{Heap before GC invocations=8 (full 2):
 PSYoungGen      total 222208K, used 10740K [0x00000000d7200000, 0x00000000e5c80000, 0x0000000100000000)
  eden space 211456K, 0% used [0x00000000d7200000,0x00000000d7200000,0x00000000e4080000)
  from space 10752K, 99% used [0x00000000e4f00000,0x00000000e597d088,0x00000000e5980000)
  to   space 14336K, 0% used [0x00000000e4080000,0x00000000e4080000,0x00000000e4e80000)
 ParOldGen       total 50688K, used 14778K [0x0000000085600000, 0x0000000088780000, 0x00000000d7200000)
  object space 50688K, 29% used [0x0000000085600000,0x000000008646eb30,0x0000000088780000)
 Metaspace       used 34175K, capacity 35362K, committed 35456K, reserved 1081344K
  class space    used 4214K, capacity 4475K, committed 4480K, reserved 1048576K
Event: 4.934 GC heap after
Heap after GC invocations=8 (full 2):
 PSYoungGen      total 222208K, used 0K [0x00000000d7200000, 0x00000000e5c80000, 0x0000000100000000)
  eden space 211456K, 0% used [0x00000000d7200000,0x00000000d7200000,0x00000000e4080000)
  from space 10752K, 0% used [0x00000000e4f00000,0x00000000e4f00000,0x00000000e5980000)
  to   space 14336K, 0% used [0x00000000e4080000,0x00000000e4080000,0x00000000e4e80000)
 ParOldGen       total 83456K, used 17976K [0x0000000085600000, 0x000000008a780000, 0x00000000d7200000)
  object space 83456K, 21% used [0x0000000085600000,0x000000008678e130,0x000000008a780000)
 Metaspace       used 34175K, capacity 35362K, committed 35456K, reserved 1081344K
  class space    used 4214K, capacity 4475K, committed 4480K, reserved 1048576K
}
Event: 8.778 GC heap before
{Heap before GC invocations=9 (full 2):
 PSYoungGen      total 222208K, used 211456K [0x00000000d7200000, 0x00000000e5c80000, 0x0000000100000000)
  eden space 211456K, 100% used [0x00000000d7200000,0x00000000e4080000,0x00000000e4080000)
  from space 10752K, 0% used [0x00000000e4f00000,0x00000000e4f00000,0x00000000e5980000)
  to   space 14336K, 0% used [0x00000000e4080000,0x00000000e4080000,0x00000000e4e80000)
 ParOldGen       total 83456K, used 17976K [0x0000000085600000, 0x000000008a780000, 0x00000000d7200000)
  object space 83456K, 21% used [0x0000000085600000,0x000000008678e130,0x000000008a780000)
 Metaspace       used 53588K, capacity 55546K, committed 55680K, reserved 1097728K
  class space    used 7072K, capacity 7453K, committed 7552K, reserved 1048576K

